15/5/2026 -- 13:41:03 - <Notice> - This is Suricata version 6.0.4 RELEASE running in USER mode
15/5/2026 -- 13:41:03 - <Info> - CPUs/cores online: 8
15/5/2026 -- 13:41:03 - <Info> - fast output device (regular) initialized: fast.log
15/5/2026 -- 13:41:03 - <Info> - eve-log output device (regular) initialized: eve.json
15/5/2026 -- 13:41:03 - <Info> - stats output device (regular) initialized: stats.log
15/5/2026 -- 13:41:03 - <Warning> - [ERRCODE: SC_ERR_NO_RULES(42)] - No rule files match the pattern /etc/suricata/rules/suricata.rules
15/5/2026 -- 13:41:03 - <Warning> - [ERRCODE: SC_ERR_NO_RULES_LOADED(43)] - 1 rule files specified, but no rules were loaded!
15/5/2026 -- 13:41:03 - <Info> - Threshold config parsed: 0 rule(s) found
15/5/2026 -- 13:41:03 - <Info> - 0 signatures processed. 0 are IP-only rules, 0 are inspecting packet payload, 0 inspect application layer, 0 are decoder event only
15/5/2026 -- 13:41:03 - <Info> - Using unix socket file '/var/run/suricata-command.socket'
15/5/2026 -- 13:41:03 - <Notice> - all 9 packet processing threads, 4 management threads initialized, engine started.
15/5/2026 -- 13:41:03 - <Info> - Starting file run for /var/run/vmblock-fuse/blockdir/jzyXoa/test.pcap
15/5/2026 -- 13:41:03 - <Info> - No packets with invalid checksum, assuming checksum offloading is NOT used
15/5/2026 -- 13:41:03 - <Info> - pcap file /var/run/vmblock-fuse/blockdir/jzyXoa/test.pcap end of file reached (pcap err code 0)
15/5/2026 -- 13:41:03 - <Notice> - Signal Received.  Stopping engine.
15/5/2026 -- 13:41:03 - <Info> - time elapsed 0.060s
15/5/2026 -- 13:41:03 - <Notice> - Pcap-file module read 1 files, 15512 packets, 6333775 bytes
15/5/2026 -- 13:41:03 - <Info> - Alerts: 0
15/5/2026 -- 13:41:03 - <Info> - cleaning up signature grouping structure... complete
15/5/2026 -- 13:43:18 - <Notice> - This is Suricata version 6.0.4 RELEASE running in USER mode
15/5/2026 -- 13:43:18 - <Info> - CPUs/cores online: 8
15/5/2026 -- 13:43:18 - <Info> - fast output device (regular) initialized: fast.log
15/5/2026 -- 13:43:18 - <Info> - eve-log output device (regular) initialized: eve.json
15/5/2026 -- 13:43:18 - <Info> - stats output device (regular) initialized: stats.log
15/5/2026 -- 13:43:18 - <Warning> - [ERRCODE: SC_ERR_NO_RULES(42)] - No rule files match the pattern /etc/suricata/rules/suricata.rules
15/5/2026 -- 13:43:18 - <Warning> - [ERRCODE: SC_ERR_NO_RULES_LOADED(43)] - 1 rule files specified, but no rules were loaded!
15/5/2026 -- 13:43:18 - <Info> - Threshold config parsed: 0 rule(s) found
15/5/2026 -- 13:43:18 - <Info> - 0 signatures processed. 0 are IP-only rules, 0 are inspecting packet payload, 0 inspect application layer, 0 are decoder event only
15/5/2026 -- 13:43:18 - <Info> - Using unix socket file '/var/run/suricata-command.socket'
15/5/2026 -- 13:43:18 - <Notice> - all 9 packet processing threads, 4 management threads initialized, engine started.
15/5/2026 -- 13:43:18 - <Info> - Starting file run for /var/run/vmblock-fuse/blockdir/jzyXoa/test.pcap
15/5/2026 -- 13:43:18 - <Info> - No packets with invalid checksum, assuming checksum offloading is NOT used
15/5/2026 -- 13:43:18 - <Info> - pcap file /var/run/vmblock-fuse/blockdir/jzyXoa/test.pcap end of file reached (pcap err code 0)
15/5/2026 -- 13:43:18 - <Notice> - Signal Received.  Stopping engine.
15/5/2026 -- 13:43:18 - <Info> - time elapsed 0.069s
15/5/2026 -- 13:43:18 - <Notice> - Pcap-file module read 1 files, 15512 packets, 6333775 bytes
15/5/2026 -- 13:43:18 - <Info> - Alerts: 0
15/5/2026 -- 13:43:18 - <Info> - cleaning up signature grouping structure... complete
15/5/2026 -- 13:43:39 - <Notice> - This is Suricata version 6.0.4 RELEASE running in USER mode
15/5/2026 -- 13:43:39 - <Info> - CPUs/cores online: 8
15/5/2026 -- 13:43:39 - <Info> - fast output device (regular) initialized: fast.log
15/5/2026 -- 13:43:39 - <Info> - eve-log output device (regular) initialized: eve.json
15/5/2026 -- 13:43:39 - <Info> - stats output device (regular) initialized: stats.log
15/5/2026 -- 13:43:43 - <Info> - 1 rule files processed. 50066 rules successfully loaded, 0 rules failed
15/5/2026 -- 13:43:43 - <Info> - Threshold config parsed: 0 rule(s) found
15/5/2026 -- 13:43:44 - <Info> - 50071 signatures processed. 1304 are IP-only rules, 5223 are inspecting packet payload, 43326 inspect application layer, 108 are decoder event only
15/5/2026 -- 13:44:19 - <Info> - Using unix socket file '/var/run/suricata-command.socket'
15/5/2026 -- 13:44:19 - <Notice> - all 9 packet processing threads, 4 management threads initialized, engine started.
15/5/2026 -- 13:44:19 - <Info> - Starting file run for /var/run/vmblock-fuse/blockdir/jzyXoa/test.pcap
15/5/2026 -- 13:44:19 - <Info> - No packets with invalid checksum, assuming checksum offloading is NOT used
15/5/2026 -- 13:44:19 - <Info> - pcap file /var/run/vmblock-fuse/blockdir/jzyXoa/test.pcap end of file reached (pcap err code 0)
15/5/2026 -- 13:44:19 - <Notice> - Signal Received.  Stopping engine.
15/5/2026 -- 13:44:19 - <Info> - time elapsed 0.121s
15/5/2026 -- 13:44:19 - <Notice> - Pcap-file module read 1 files, 15512 packets, 6333775 bytes
15/5/2026 -- 13:44:19 - <Info> - Alerts: 531
15/5/2026 -- 13:44:19 - <Info> - cleaning up signature grouping structure... complete
15/5/2026 -- 14:15:27 - <Notice> - This is Suricata version 6.0.4 RELEASE running in USER mode
15/5/2026 -- 14:15:27 - <Info> - CPUs/cores online: 8
15/5/2026 -- 14:15:27 - <Info> - fast output device (regular) initialized: fast.log
15/5/2026 -- 14:15:27 - <Info> - eve-log output device (regular) initialized: eve.json
15/5/2026 -- 14:15:27 - <Info> - stats output device (regular) initialized: stats.log
15/5/2026 -- 14:15:31 - <Info> - 1 rule files processed. 50066 rules successfully loaded, 0 rules failed
15/5/2026 -- 14:15:31 - <Info> - Threshold config parsed: 0 rule(s) found
15/5/2026 -- 14:15:32 - <Info> - 50071 signatures processed. 1304 are IP-only rules, 5223 are inspecting packet payload, 43326 inspect application layer, 108 are decoder event only
